----------------------------------------------------------- 
 Time : 2024-10-21T08:56:46.846Z 
 Success : File uploaded successfully to /home/dani/Desktop/demo2/public/anika252627@gmail.com/smiling-girl-posing-front-american-flag-nature-1729501006823.jpg 
Stack : success 
 ----------------------------------------------------------- 

----------------------------------------------------------- 
 Time : 2024-10-21T09:10:31.043Z 
 Image folder for anika252627@gmail.com deleted successfully. 
 ----------------------------------------------------------- 

----------------------------------------------------------- 
 Time : 2024-10-21T09:10:31.056Z 
 Success : File uploaded successfully to /home/dani/Desktop/demo2/public/anika252627@gmail.com/1727772069885-1729501831045.jpeg 
Stack : success 
 ----------------------------------------------------------- 

----------------------------------------------------------- 
 Time : 2024-10-21T09:11:23.023Z 
 Image folder for anika252627@gmail.com deleted successfully. 
 ----------------------------------------------------------- 

----------------------------------------------------------- 
 Time : 2024-10-21T09:12:28.235Z 
 Success : File uploaded successfully to /home/dani/Desktop/demo2/public/anika252627@gmail.com/smiling-girl-posing-front-american-flag-nature-1729501948208.jpg 
Stack : success 
 ----------------------------------------------------------- 

