----------------------------------------------------------- 
 Time : 2024-10-22T04:42:48.539Z 
 POST :/api/va/user/forget-password 
Error : Expected double-quoted property name in JSON at position 43 
Stack : SyntaxError: Expected double-quoted property name in JSON at position 43
    at JSON.parse (<anonymous>)
    at parse (/home/dani/Desktop/demo2/node_modules/body-parser/lib/types/json.js:92:19)
    at /home/dani/Desktop/demo2/node_modules/body-parser/lib/read.js:128:18
    at AsyncResource.runInAsyncScope (node:async_hooks:206:9)
    at invokeCallback (/home/dani/Desktop/demo2/node_modules/raw-body/index.js:238:16)
    at done (/home/dani/Desktop/demo2/node_modules/raw-body/index.js:227:7)
    at IncomingMessage.onEnd (/home/dani/Desktop/demo2/node_modules/raw-body/index.js:287:7)
    at IncomingMessage.emit (node:events:518:28)
    at IncomingMessage.emit (node:domain:488:12)
    at endReadableNT (node:internal/streams/readable:1696:12) 
 ----------------------------------------------------------- 

----------------------------------------------------------- 
 Time : 2024-10-22T04:42:50.795Z 
 POST :/api/va/user/forget-password 
Error : Expected double-quoted property name in JSON at position 43 
Stack : SyntaxError: Expected double-quoted property name in JSON at position 43
    at JSON.parse (<anonymous>)
    at parse (/home/dani/Desktop/demo2/node_modules/body-parser/lib/types/json.js:92:19)
    at /home/dani/Desktop/demo2/node_modules/body-parser/lib/read.js:128:18
    at AsyncResource.runInAsyncScope (node:async_hooks:206:9)
    at invokeCallback (/home/dani/Desktop/demo2/node_modules/raw-body/index.js:238:16)
    at done (/home/dani/Desktop/demo2/node_modules/raw-body/index.js:227:7)
    at IncomingMessage.onEnd (/home/dani/Desktop/demo2/node_modules/raw-body/index.js:287:7)
    at IncomingMessage.emit (node:events:518:28)
    at IncomingMessage.emit (node:domain:488:12)
    at endReadableNT (node:internal/streams/readable:1696:12) 
 ----------------------------------------------------------- 

----------------------------------------------------------- 
 Time : 2024-10-22T04:42:52.047Z 
 POST :/api/va/user/forget-password 
Error : Expected double-quoted property name in JSON at position 43 
Stack : SyntaxError: Expected double-quoted property name in JSON at position 43
    at JSON.parse (<anonymous>)
    at parse (/home/dani/Desktop/demo2/node_modules/body-parser/lib/types/json.js:92:19)
    at /home/dani/Desktop/demo2/node_modules/body-parser/lib/read.js:128:18
    at AsyncResource.runInAsyncScope (node:async_hooks:206:9)
    at invokeCallback (/home/dani/Desktop/demo2/node_modules/raw-body/index.js:238:16)
    at done (/home/dani/Desktop/demo2/node_modules/raw-body/index.js:227:7)
    at IncomingMessage.onEnd (/home/dani/Desktop/demo2/node_modules/raw-body/index.js:287:7)
    at IncomingMessage.emit (node:events:518:28)
    at IncomingMessage.emit (node:domain:488:12)
    at endReadableNT (node:internal/streams/readable:1696:12) 
 ----------------------------------------------------------- 

