----------------------------------------------------------- 
 Time : 2024-10-22T04:31:20.626Z 
 Message sent: %s<78fd74a9-08af-1968-9e30-b673a85c4c61@gmail.com> 
 ----------------------------------------------------------- 

----------------------------------------------------------- 
 Time : 2024-10-22T04:31:44.698Z 
 Message sent: %s<46e03878-e70b-7716-58df-d037c3250060@gmail.com> 
 ----------------------------------------------------------- 

----------------------------------------------------------- 
 Time : 2024-10-22T04:32:23.447Z 
 Message sent: %s<e103dc1b-c68f-d85a-b041-19bb184b5993@gmail.com> 
 ----------------------------------------------------------- 

----------------------------------------------------------- 
 Time : 2024-10-22T04:41:54.068Z 
 Message sent: %s<5ff2421b-620d-5e18-9002-45b5d7593106@gmail.com> 
 ----------------------------------------------------------- 

----------------------------------------------------------- 
 Time : 2024-10-22T04:43:47.560Z 
 Message sent: %s<4c50c1f1-a33a-f4b7-98d7-934a939fb9c0@gmail.com> 
 ----------------------------------------------------------- 

----------------------------------------------------------- 
 Time : 2024-10-22T04:44:06.921Z 
 Message sent: %s<fa661df5-9747-a371-2db7-787edf5e9504@gmail.com> 
 ----------------------------------------------------------- 

----------------------------------------------------------- 
 Time : 2024-10-22T04:48:06.676Z 
 Message sent: %s<42831fc7-3c78-23f4-347b-a311cb5c743e@gmail.com> 
 ----------------------------------------------------------- 

----------------------------------------------------------- 
 Time : 2024-10-22T04:54:38.512Z 
 Message sent: %s<41307ef3-9557-dcc9-6ba6-d62b05874201@gmail.com> 
 ----------------------------------------------------------- 

----------------------------------------------------------- 
 Time : 2024-10-22T05:27:47.126Z 
 Message sent: %s<7d8332d3-4944-ae31-d0d4-dd780f8bf1dd@gmail.com> 
 ----------------------------------------------------------- 

----------------------------------------------------------- 
 Time : 2024-10-22T05:31:15.618Z 
 Message sent: %s<bc841363-7d92-b686-fabe-5687c8860716@gmail.com> 
 ----------------------------------------------------------- 

----------------------------------------------------------- 
 Time : 2024-10-22T05:35:21.728Z 
 Message sent: %s<ec39b214-0e93-1e4b-ed2c-485628996523@gmail.com> 
 ----------------------------------------------------------- 

----------------------------------------------------------- 
 Time : 2024-10-22T05:38:57.900Z 
 Message sent: %s<87c9c727-0174-d8ec-2430-002585e0d151@gmail.com> 
 ----------------------------------------------------------- 

----------------------------------------------------------- 
 Time : 2024-10-22T05:42:31.940Z 
 Message sent: %s<6128d6d7-2c0a-5239-735a-825ee2dbb0e0@gmail.com> 
 ----------------------------------------------------------- 

----------------------------------------------------------- 
 Time : 2024-10-22T05:45:33.282Z 
 Message sent: %s<743109a0-2002-c9e9-708c-76a4e06a4a69@gmail.com> 
 ----------------------------------------------------------- 

----------------------------------------------------------- 
 Time : 2024-10-22T05:48:28.959Z 
 Message sent: %s<4b74a2e4-845a-366c-9fdf-f22dfbbf866a@gmail.com> 
 ----------------------------------------------------------- 

----------------------------------------------------------- 
 Time : 2024-10-22T05:57:07.173Z 
 Message sent: %s<3fceeeff-e161-d1a4-cb72-e54b91a7170f@gmail.com> 
 ----------------------------------------------------------- 

----------------------------------------------------------- 
 Time : 2024-10-22T05:59:16.025Z 
 Message sent: %s<2314fa56-9a03-8cfe-269e-50bdeca6877f@gmail.com> 
 ----------------------------------------------------------- 

----------------------------------------------------------- 
 Time : 2024-10-22T06:05:23.314Z 
 Admin account created
Email: admin@gmail.com
Password: 123456 
 ----------------------------------------------------------- 

----------------------------------------------------------- 
 Time : 2024-10-22T06:10:52.280Z 
 Message sent: %s<6ecf4d42-81d2-6353-f20a-fd7b4481fac1@gmail.com> 
 ----------------------------------------------------------- 

----------------------------------------------------------- 
 Time : 2024-10-22T06:13:43.556Z 
 Message sent: %s<805d68cc-1dd4-6dd4-4392-2d8a3dae6189@gmail.com> 
 ----------------------------------------------------------- 

----------------------------------------------------------- 
 Time : 2024-10-22T06:22:18.924Z 
 Message sent: %s<3543def8-46b5-d654-4394-0d27255cb907@gmail.com> 
 ----------------------------------------------------------- 

----------------------------------------------------------- 
 Time : 2024-10-22T09:02:21.233Z 
 Message sent: %s<f5b113cf-eeb0-0eed-5122-31e9a62277a2@gmail.com> 
 ----------------------------------------------------------- 

